== 10-price-rules https://www.sqstackstaging.com/admin/product_price_rules
== 10-price-create https://www.sqstackstaging.com/admin/product_price_rules/create
== 10-backorder-rules https://www.sqstackstaging.com/admin/inventory_back_order_rules
== 10-backorder-create https://www.sqstackstaging.com/admin/inventory_back_order_rules/create
== 10-sale-limit-create https://www.sqstackstaging.com/admin/inventory_sale_limit_rules/create
== 10-threshold-rules https://www.sqstackstaging.com/admin/inventory_threshold_rules
== 10-threshold-create https://www.sqstackstaging.com/admin/inventory_threshold_rules/create
== 11-inventory-items https://www.sqstackstaging.com/admin/inventory_items
== 15-orders https://www.sqstackstaging.com/admin/orders
== 15-orders-create-direct https://www.sqstackstaging.com/admin/orders/create
== 15-draft-orders-direct https://www.sqstackstaging.com/admin/draft_orders/create
== 15-order-returns-direct https://www.sqstackstaging.com/admin/order_returns/create
== 17-discounts https://www.sqstackstaging.com/admin/order_price_adjustment_rules
== 17-discount-create https://www.sqstackstaging.com/admin/order_price_adjustment_rules/create
== 17-point-rules https://www.sqstackstaging.com/admin/point_calculation_rules
== 17-point-rule-create https://www.sqstackstaging.com/admin/point_calculation_rules/create
== 17-rank-rules https://www.sqstackstaging.com/admin/customer_rank_calculation_rules
== 17-rank-create https://www.sqstackstaging.com/admin/customer_rank_calculation_rules/create
== 21-csv-import https://www.sqstackstaging.com/admin/csv_import
== 21-csv-export https://www.sqstackstaging.com/admin/csv_export
== 21-pdf-export https://www.sqstackstaging.com/admin/pdf_export
== 23-sale-line-items https://www.sqstackstaging.com/admin/sale_change_line_items
== 24-analytics https://www.sqstackstaging.com/admin/analytics
== 24-revenue https://www.sqstackstaging.com/admin/analytics/revenue
== 24-reports https://www.sqstackstaging.com/admin/analytics/reports
== 24-b2b https://www.sqstackstaging.com/admin/b2b
